Arguments: 
  C:\Program Files\nodejs\node.exe C:\Users\33783\AppData\Roaming\npm\node_modules\yarn\bin\yarn.js add tagcloud.js

PATH: 
  C:\WINDOWS\system32;C:\WINDOWS;C:\WINDOWS\System32\Wbem;C:\WINDOWS\System32\WindowsPowerShell\v1.0\;C:\WINDOWS\System32\OpenSSH\;C:\Program Files (x86)\dotnet\;C:\Program Files\dotnet\;C:\Program Files\nodejs\;C:\ProgramData\chocolatey\bin;C:\Program Files\mongosh-2.0.1-win32-x64\mongosh-2.0.1-win32-x64\bin;C:\Program Files\Git\cmd;C:\Users\33783\AppData\Local\Microsoft\WindowsApps;C:\Users\33783\AppData\Local\Programs\Microsoft VS Code\bin;C:\Users\33783\AppData\Roaming\npm;

Yarn version: 
  1.22.19

Node version: 
  20.4.0

Platform: 
  win32 x64

Trace: 
  Error: https://registry.yarnpkg.com/tagcloud.js: Not found
      at params.callback [as _callback] (C:\Users\33783\AppData\Roaming\npm\node_modules\yarn\lib\cli.js:66145:18)
      at self.callback (C:\Users\33783\AppData\Roaming\npm\node_modules\yarn\lib\cli.js:140890:22)
      at Request.emit (node:events:512:28)
      at Request.<anonymous> (C:\Users\33783\AppData\Roaming\npm\node_modules\yarn\lib\cli.js:141862:10)
      at Request.emit (node:events:512:28)
      at IncomingMessage.<anonymous> (C:\Users\33783\AppData\Roaming\npm\node_modules\yarn\lib\cli.js:141784:12)
      at Object.onceWrapper (node:events:626:28)
      at IncomingMessage.emit (node:events:524:35)
      at endReadableNT (node:internal/streams/readable:1378:12)
      at process.processTicksAndRejections (node:internal/process/task_queues:82:21)

npm manifest: 
  {
    "name": "portfolio",
    "version": "0.1.0",
    "private": true,
    "scripts": {
      "dev": "next dev",
      "build": "next build",
      "start": "next start",
      "lint": "next lint"
    },
    "dependencies": {
      "@fortawesome/fontawesome-free": "^6.4.2",
      "@fortawesome/fontawesome-svg-core": "^6.4.2",
      "@fortawesome/free-brands-svg-icons": "^6.4.2",
      "@fortawesome/free-solid-svg-icons": "^6.4.2",
      "@fortawesome/react-fontawesome": "^0.2.0",
      "next": "14.0.3",
      "react": "^18",
      "react-dom": "^18",
      "react-responsive-carousel": "^3.2.23"
    },
    "devDependencies": {
      "autoprefixer": "^10.0.1",
      "eslint": "^8",
      "eslint-config-next": "14.0.3",
      "postcss": "^8",
      "tailwindcss": "^3.3.0"
    }
  }

yarn manifest: 
  No manifest

Lockfile: 
  No lockfile
